<?xml version="1.0" encoding="UTF-8"?>
<testng-results skipped="0" failed="0" ignored="0" total="1" passed="1">
  <reporter-output>
  </reporter-output>
  <suite name="Default suite" duration-ms="49652" started-at="2020-09-06T06:54:10Z" finished-at="2020-09-06T06:55:00Z">
    <groups>
    </groups>
    <test name="Default test" duration-ms="49652" started-at="2020-09-06T06:54:10Z" finished-at="2020-09-06T06:55:00Z">
      <class name="Amplify.GeneralStoreApp">
        <test-method status="PASS" signature="setup()[pri:0, instance:Amplify.GeneralStoreApp@5700d6b1]" name="setup" is-config="true" duration-ms="18706" started-at="2020-09-06T06:54:10Z" finished-at="2020-09-06T06:54:29Z">
          <reporter-output>
          </reporter-output>
        </test-method> <!-- setup -->
        <test-method status="PASS" signature="bb()[pri:0, instance:Amplify.GeneralStoreApp@5700d6b1]" name="bb" duration-ms="30859" started-at="2020-09-06T06:54:29Z" finished-at="2020-09-06T06:55:00Z">
          <reporter-output>
          </reporter-output>
        </test-method> <!-- bb -->
      </class> <!-- Amplify.GeneralStoreApp -->
    </test> <!-- Default test -->
  </suite> <!-- Default suite -->
</testng-results>
